# JRE version: OpenJDK Runtime Environment (13.0+33) (build 13+33-Ubuntu-1)
# Java VM: OpenJDK 64-Bit Server VM (13+33-Ubuntu-1, mixed mode, tiered, compressed oops, g1 gc, linux-amd64)
Heap:
 garbage-first heap   total 93184K, used 33604K [0x0000000085800000, 0x0000000100000000)
  region size 1024K, 14 young (14336K), 5 survivors (5120K)
 Metaspace       used 58660K, capacity 59986K, committed 60368K, reserved 1101824K
  class space    used 7099K, capacity 7627K, committed 7756K, reserved 1048576K
GC Heap History (20 events):
Event: 4,528 GC heap before
{Heap before GC invocations=10 (full 0):
 garbage-first heap   total 65536K, used 33712K [0x0000000085800000, 0x0000000100000000)
  region size 1024K, 25 young (25600K), 3 survivors (3072K)
 Metaspace       used 34827K, capacity 35776K, committed 35964K, reserved 1081344K
  class space    used 4136K, capacity 4519K, committed 4556K, reserved 1048576K
}
Event: 4,562 GC heap after
{Heap after GC invocations=11 (full 0):
 garbage-first heap   total 65536K, used 15480K [0x0000000085800000, 0x0000000100000000)
  region size 1024K, 5 young (5120K), 5 survivors (5120K)
 Metaspace       used 34827K, capacity 35776K, committed 35964K, reserved 1081344K
  class space    used 4136K, capacity 4519K, committed 4556K, reserved 1048576K
}
Event: 4,689 GC heap before
{Heap before GC invocations=12 (full 0):
 garbage-first heap   total 61440K, used 43128K [0x0000000085800000, 0x0000000100000000)
  region size 1024K, 33 young (33792K), 5 survivors (5120K)
 Metaspace       used 35046K, capacity 36044K, committed 36220K, reserved 1081344K
  class space    used 4155K, capacity 4521K, committed 4556K, reserved 1048576K
}
Event: 4,695 GC heap after
{Heap after GC invocations=13 (full 0):
 garbage-first heap   total 61440K, used 17058K [0x0000000085800000, 0x0000000100000000)
  region size 1024K, 4 young (4096K), 4 survivors (4096K)
 Metaspace       used 35046K, capacity 36044K, committed 36220K, reserved 1081344K
  class space    used 4155K, capacity 4521K, committed 4556K, reserved 1048576K
}
Event: 4,746 GC heap before
{Heap before GC invocations=13 (full 0):
 garbage-first heap   total 61440K, used 42658K [0x0000000085800000, 0x0000000100000000)
  region size 1024K, 30 young (30720K), 4 survivors (4096K)
 Metaspace       used 35436K, capacity 36415K, committed 36860K, reserved 1081344K
  class space    used 4192K, capacity 4559K, committed 4684K, reserved 1048576K
}
Event: 4,750 GC heap after
{Heap after GC invocations=14 (full 0):
 garbage-first heap   total 61440K, used 17119K [0x0000000085800000, 0x0000000100000000)
  region size 1024K, 2 young (2048K), 2 survivors (2048K)
 Metaspace       used 35436K, capacity 36415K, committed 36860K, reserved 1081344K
  class space    used 4192K, capacity 4559K, committed 4684K, reserved 1048576K
}
Event: 4,754 GC heap before
{Heap before GC invocations=14 (full 0):
 garbage-first heap   total 61440K, used 43743K [0x0000000085800000, 0x0000000100000000)
  region size 1024K, 29 young (29696K), 2 survivors (2048K)
 Metaspace       used 35436K, capacity 36415K, committed 36860K, reserved 1081344K
  class space    used 4192K, capacity 4559K, committed 4684K, reserved 1048576K
}
Event: 4,756 GC heap after
{Heap after GC invocations=15 (full 0):
 garbage-first heap   total 75776K, used 17119K [0x0000000085800000, 0x0000000100000000)
  region size 1024K, 2 young (2048K), 2 survivors (2048K)
 Metaspace       used 35436K, capacity 36415K, committed 36860K, reserved 1081344K
  class space    used 4192K, capacity 4559K, committed 4684K, reserved 1048576K
}
Event: 5,207 GC heap before
{Heap before GC invocations=15 (full 0):
 garbage-first heap   total 75776K, used 50911K [0x0000000085800000, 0x0000000100000000)
  region size 1024K, 35 young (35840K), 2 survivors (2048K)
 Metaspace       used 41266K, capacity 42323K, committed 42620K, reserved 1087488K
  class space    used 4916K, capacity 5291K, committed 5324K, reserved 1048576K
}
Event: 5,213 GC heap after
{Heap after GC invocations=16 (full 0):
 garbage-first heap   total 75776K, used 17769K [0x0000000085800000, 0x0000000100000000)
  region size 1024K, 3 young (3072K), 3 survivors (3072K)
 Metaspace       used 41266K, capacity 42323K, committed 42620K, reserved 1087488K
  class space    used 4916K, capacity 5291K, committed 5324K, reserved 1048576K
}
Event: 5,500 GC heap before
{Heap before GC invocations=16 (full 0):
 garbage-first heap   total 75776K, used 51561K [0x0000000085800000, 0x0000000100000000)
  region size 1024K, 36 young (36864K), 3 survivors (3072K)
 Metaspace       used 44814K, capacity 45913K, committed 46460K, reserved 1089536K
  class space    used 5402K, capacity 5805K, committed 5836K, reserved 1048576K
}
Event: 5,504 GC heap after
{Heap after GC invocations=17 (full 0):
 garbage-first heap   total 75776K, used 18681K [0x0000000085800000, 0x0000000100000000)
  region size 1024K, 2 young (2048K), 2 survivors (2048K)
 Metaspace       used 44814K, capacity 45913K, committed 46460K, reserved 1089536K
  class space    used 5402K, capacity 5805K, committed 5836K, reserved 1048576K
}
Event: 5,801 GC heap before
{Heap before GC invocations=17 (full 0):
 garbage-first heap   total 75776K, used 53497K [0x0000000085800000, 0x0000000100000000)
  region size 1024K, 36 young (36864K), 2 survivors (2048K)
 Metaspace       used 47820K, capacity 48885K, committed 49532K, reserved 1093632K
  class space    used 5796K, capacity 6214K, committed 6348K, reserved 1048576K
}
Event: 5,806 GC heap after
{Heap after GC invocations=18 (full 0):
 garbage-first heap   total 75776K, used 19366K [0x0000000085800000, 0x0000000100000000)
  region size 1024K, 3 young (3072K), 3 survivors (3072K)
 Metaspace       used 47820K, capacity 48885K, committed 49532K, reserved 1093632K
  class space    used 5796K, capacity 6214K, committed 6348K, reserved 1048576K
}
Event: 6,137 GC heap before
{Heap before GC invocations=18 (full 0):
 garbage-first heap   total 75776K, used 54182K [0x0000000085800000, 0x0000000100000000)
  region size 1024K, 37 young (37888K), 3 survivors (3072K)
 Metaspace       used 50519K, capacity 51546K, committed 52092K, reserved 1095680K
  class space    used 6146K, capacity 6568K, committed 6604K, reserved 1048576K
}
Event: 6,148 GC heap after
{Heap after GC invocations=19 (full 0):
 garbage-first heap   total 75776K, used 21222K [0x0000000085800000, 0x0000000100000000)
  region size 1024K, 5 young (5120K), 5 survivors (5120K)
 Metaspace       used 50519K, capacity 51546K, committed 52092K, reserved 1095680K
  class space    used 6146K, capacity 6568K, committed 6604K, reserved 1048576K
}
Event: 9,311 GC heap before
{Heap before GC invocations=19 (full 0):
 garbage-first heap   total 75776K, used 55014K [0x0000000085800000, 0x0000000100000000)
  region size 1024K, 38 young (38912K), 5 survivors (5120K)
 Metaspace       used 53782K, capacity 55082K, committed 55420K, reserved 1097728K
  class space    used 6567K, capacity 7085K, committed 7116K, reserved 1048576K
}
Event: 9,353 GC heap after
{Heap after GC invocations=20 (full 0):
 garbage-first heap   total 93184K, used 23582K [0x0000000085800000, 0x0000000100000000)
  region size 1024K, 5 young (5120K), 5 survivors (5120K)
 Metaspace       used 53782K, capacity 55082K, committed 55420K, reserved 1097728K
  class space    used 6567K, capacity 7085K, committed 7116K, reserved 1048576K
}
Event: 18,698 GC heap before
{Heap before GC invocations=20 (full 0):
 garbage-first heap   total 93184K, used 63518K [0x0000000085800000, 0x0000000100000000)
  region size 1024K, 45 young (46080K), 5 survivors (5120K)
 Metaspace       used 57995K, capacity 59295K, committed 59516K, reserved 1101824K
  class space    used 7017K, capacity 7528K, committed 7628K, reserved 1048576K
}
Event: 18,714 GC heap after
{Heap after GC invocations=21 (full 0):
 garbage-first heap   total 93184K, used 25412K [0x0000000085800000, 0x0000000100000000)
  region size 1024K, 5 young (5120K), 5 survivors (5120K)
 Metaspace       used 57995K, capacity 59295K, committed 59516K, reserved 1101824K
  class space    used 7017K, capacity 7528K, committed 7628K, reserved 1048576K
}

