# JRE version: Java(TM) SE Runtime Environment (8.0_181-b13) (build 1.8.0_181-b13)
# Java VM: Java HotSpot(TM) 64-Bit Server VM (25.181-b13 mixed mode linux-amd64 compressed oops)
Heap:
 PSYoungGen      total 248832K, used 31810K [0x00000000d7180000, 0x00000000eeb00000, 0x0000000100000000)
  eden space 232960K, 13% used [0x00000000d7180000,0x00000000d9090a90,0x00000000e5500000)
  from space 15872K, 0% used [0x00000000e5500000,0x00000000e5500000,0x00000000e6480000)
  to   space 15360K, 0% used [0x00000000edc00000,0x00000000edc00000,0x00000000eeb00000)
 ParOldGen       total 107008K, used 26362K [0x0000000085400000, 0x000000008bc80000, 0x00000000d7180000)
  object space 107008K, 24% used [0x0000000085400000,0x0000000086dbe8f0,0x000000008bc80000)
 Metaspace       used 58075K, capacity 63339K, committed 63488K, reserved 1103872K
  class space    used 7307K, capacity 8404K, committed 8448K, reserved 1048576K
GC Heap History (10 events):
Event: 27,957 GC heap before
{Heap before GC invocations=14 (full 2):
 PSYoungGen      total 131584K, used 129383K [0x00000000d7180000, 0x00000000e2a80000, 0x0000000100000000)
  eden space 121344K, 100% used [0x00000000d7180000,0x00000000de800000,0x00000000de800000)
  from space 10240K, 78% used [0x00000000de800000,0x00000000defd9ec0,0x00000000df200000)
  to   space 10752K, 0% used [0x00000000e2000000,0x00000000e2000000,0x00000000e2a80000)
 ParOldGen       total 81920K, used 19132K [0x0000000085400000, 0x000000008a400000, 0x00000000d7180000)
  object space 81920K, 23% used [0x0000000085400000,0x00000000866af328,0x000000008a400000)
 Metaspace       used 49800K, capacity 50498K, committed 50560K, reserved 1093632K
  class space    used 6103K, capacity 6263K, committed 6272K, reserved 1048576K
Event: 27,988 GC heap after
Heap after GC invocations=14 (full 2):
 PSYoungGen      total 178176K, used 8807K [0x00000000d7180000, 0x00000000e2e80000, 0x0000000100000000)
  eden space 167424K, 0% used [0x00000000d7180000,0x00000000d7180000,0x00000000e1500000)
  from space 10752K, 81% used [0x00000000e2000000,0x00000000e2899ec0,0x00000000e2a80000)
  to   space 11264K, 0% used [0x00000000e1500000,0x00000000e1500000,0x00000000e2000000)
 ParOldGen       total 81920K, used 19140K [0x0000000085400000, 0x000000008a400000, 0x00000000d7180000)
  object space 81920K, 23% used [0x0000000085400000,0x00000000866b1328,0x000000008a400000)
 Metaspace       used 49800K, capacity 50498K, committed 50560K, reserved 1093632K
  class space    used 6103K, capacity 6263K, committed 6272K, reserved 1048576K
}
Event: 28,339 GC heap before
{Heap before GC invocations=15 (full 2):
 PSYoungGen      total 178176K, used 176231K [0x00000000d7180000, 0x00000000e2e80000, 0x0000000100000000)
  eden space 167424K, 100% used [0x00000000d7180000,0x00000000e1500000,0x00000000e1500000)
  from space 10752K, 81% used [0x00000000e2000000,0x00000000e2899ec0,0x00000000e2a80000)
  to   space 11264K, 0% used [0x00000000e1500000,0x00000000e1500000,0x00000000e2000000)
 ParOldGen       total 81920K, used 20372K [0x0000000085400000, 0x000000008a400000, 0x00000000d7180000)
  object space 81920K, 24% used [0x0000000085400000,0x00000000867e5048,0x000000008a400000)
 Metaspace       used 49896K, capacity 50636K, committed 50944K, reserved 1093632K
  class space    used 6115K, capacity 6286K, committed 6400K, reserved 1048576K
Event: 28,372 GC heap after
Heap after GC invocations=15 (full 2):
 PSYoungGen      total 178688K, used 9163K [0x00000000d7180000, 0x00000000e7300000, 0x0000000100000000)
  eden space 167424K, 0% used [0x00000000d7180000,0x00000000d7180000,0x00000000e1500000)
  from space 11264K, 81% used [0x00000000e1500000,0x00000000e1df2ec0,0x00000000e2000000)
  to   space 12288K, 0% used [0x00000000e6700000,0x00000000e6700000,0x00000000e7300000)
 ParOldGen       total 81920K, used 20380K [0x0000000085400000, 0x000000008a400000, 0x00000000d7180000)
  object space 81920K, 24% used [0x0000000085400000,0x00000000867e7048,0x000000008a400000)
 Metaspace       used 49896K, capacity 50636K, committed 50944K, reserved 1093632K
  class space    used 6115K, capacity 6286K, committed 6400K, reserved 1048576K
}
Event: 191,067 GC heap before
{Heap before GC invocations=16 (full 2):
 PSYoungGen      total 178688K, used 174042K [0x00000000d7180000, 0x00000000e7300000, 0x0000000100000000)
  eden space 167424K, 98% used [0x00000000d7180000,0x00000000e1283c48,0x00000000e1500000)
  from space 11264K, 81% used [0x00000000e1500000,0x00000000e1df2ec0,0x00000000e2000000)
  to   space 12288K, 0% used [0x00000000e6700000,0x00000000e6700000,0x00000000e7300000)
 ParOldGen       total 81920K, used 20380K [0x0000000085400000, 0x000000008a400000, 0x00000000d7180000)
  object space 81920K, 24% used [0x0000000085400000,0x00000000867e7048,0x000000008a400000)
 Metaspace       used 55349K, capacity 59007K, committed 59156K, reserved 1101824K
  class space    used 6905K, capacity 7682K, committed 7808K, reserved 1048576K
Event: 191,103 GC heap after
Heap after GC invocations=16 (full 2):
 PSYoungGen      total 245248K, used 12276K [0x00000000d7180000, 0x00000000e7400000, 0x0000000100000000)
  eden space 232960K, 0% used [0x00000000d7180000,0x00000000d7180000,0x00000000e5500000)
  from space 12288K, 99% used [0x00000000e6700000,0x00000000e72fd030,0x00000000e7300000)
  to   space 15872K, 0% used [0x00000000e5500000,0x00000000e5500000,0x00000000e6480000)
 ParOldGen       total 81920K, used 26873K [0x0000000085400000, 0x000000008a400000, 0x00000000d7180000)
  object space 81920K, 32% used [0x0000000085400000,0x0000000086e3e758,0x000000008a400000)
 Metaspace       used 55349K, capacity 59007K, committed 59156K, reserved 1101824K
  class space    used 6905K, capacity 7682K, committed 7808K, reserved 1048576K
}
Event: 191,124 GC heap before
{Heap before GC invocations=17 (full 2):
 PSYoungGen      total 245248K, used 18207K [0x00000000d7180000, 0x00000000e7400000, 0x0000000100000000)
  eden space 232960K, 2% used [0x00000000d7180000,0x00000000d774abf8,0x00000000e5500000)
  from space 12288K, 99% used [0x00000000e6700000,0x00000000e72fd030,0x00000000e7300000)
  to   space 15872K, 0% used [0x00000000e5500000,0x00000000e5500000,0x00000000e6480000)
 ParOldGen       total 81920K, used 26873K [0x0000000085400000, 0x000000008a400000, 0x00000000d7180000)
  object space 81920K, 32% used [0x0000000085400000,0x0000000086e3e758,0x000000008a400000)
 Metaspace       used 55519K, capacity 59279K, committed 59360K, reserved 1101824K
  class space    used 6930K, capacity 7728K, committed 7808K, reserved 1048576K
Event: 191,149 GC heap after
Heap after GC invocations=17 (full 2):
 PSYoungGen      total 248832K, used 8256K [0x00000000d7180000, 0x00000000eeb00000, 0x0000000100000000)
  eden space 232960K, 0% used [0x00000000d7180000,0x00000000d7180000,0x00000000e5500000)
  from space 15872K, 52% used [0x00000000e5500000,0x00000000e5d10020,0x00000000e6480000)
  to   space 15360K, 0% used [0x00000000edc00000,0x00000000edc00000,0x00000000eeb00000)
 ParOldGen       total 81920K, used 31259K [0x0000000085400000, 0x000000008a400000, 0x00000000d7180000)
  object space 81920K, 38% used [0x0000000085400000,0x0000000087286c60,0x000000008a400000)
 Metaspace       used 55519K, capacity 59279K, committed 59360K, reserved 1101824K
  class space    used 6930K, capacity 7728K, committed 7808K, reserved 1048576K
}
Event: 191,149 GC heap before
{Heap before GC invocations=18 (full 3):
 PSYoungGen      total 248832K, used 8256K [0x00000000d7180000, 0x00000000eeb00000, 0x0000000100000000)
  eden space 232960K, 0% used [0x00000000d7180000,0x00000000d7180000,0x00000000e5500000)
  from space 15872K, 52% used [0x00000000e5500000,0x00000000e5d10020,0x00000000e6480000)
  to   space 15360K, 0% used [0x00000000edc00000,0x00000000edc00000,0x00000000eeb00000)
 ParOldGen       total 81920K, used 31259K [0x0000000085400000, 0x000000008a400000, 0x00000000d7180000)
  object space 81920K, 38% used [0x0000000085400000,0x0000000087286c60,0x000000008a400000)
 Metaspace       used 55519K, capacity 59279K, committed 59360K, reserved 1101824K
  class space    used 6930K, capacity 7728K, committed 7808K, reserved 1048576K
Event: 191,356 GC heap after
Heap after GC invocations=18 (full 3):
 PSYoungGen      total 248832K, used 0K [0x00000000d7180000, 0x00000000eeb00000, 0x0000000100000000)
  eden space 232960K, 0% used [0x00000000d7180000,0x00000000d7180000,0x00000000e5500000)
  from space 15872K, 0% used [0x00000000e5500000,0x00000000e5500000,0x00000000e6480000)
  to   space 15360K, 0% used [0x00000000edc00000,0x00000000edc00000,0x00000000eeb00000)
 ParOldGen       total 107008K, used 26362K [0x0000000085400000, 0x000000008bc80000, 0x00000000d7180000)
  object space 107008K, 24% used [0x0000000085400000,0x0000000086dbe8f0,0x000000008bc80000)
 Metaspace       used 54898K, capacity 58313K, committed 59360K, reserved 1101824K
  class space    used 6841K, capacity 7567K, committed 7808K, reserved 1048576K
}

